<?xml version="1.0" encoding="UTF-8"?>
<!-- Generated by org.testng.reporters.JUnitXMLReporter -->
<testsuite hostname="gayatekiMacBook-Air.local" ignored="0" name="Default test" tests="3" failures="1" timestamp="20 十一月 2017 13:49:01 GMT" time="125.824" errors="0">
  <testcase name="start" time="5.32" classname="test.Oil"/>
  <testcase name="login" time="15.051" classname="test.Oil"/>
  <testcase name="singleOilBuy" time="80.429" classname="test.Oil">
    <failure type="org.openqa.selenium.NoSuchElementException" message="An element could not be located on the page using the given search parameters. (WARNING: The server did not provide any stacktrace information)
Command duration or timeout: 61.26 seconds
For documentation on this error, please visit: http://seleniumhq.org/exceptions/no_such_element.html
Build info: version: &amp;apos;unknown&amp;apos;, revision: &amp;apos;unknown&amp;apos;, time: &amp;apos;unknown&amp;apos;
System info: host: &amp;apos;gayatekiMacBook-Air.local&amp;apos;, ip: &amp;apos;fe80:0:0:0:1cf7:df5c:3fcf:c060%en0&amp;apos;, os.name: &amp;apos;Mac OS X&amp;apos;, os.arch: &amp;apos;x86_64&amp;apos;, os.version: &amp;apos;10.12.6&amp;apos;, java.version: &amp;apos;1.8.0_131&amp;apos;
Driver info: io.appium.java_client.android.AndroidDriver
Capabilities [{appPackage=com.boyuda.youguanjia, noReset=true, appPackge=com.boyuda.youguanjia, deviceName=192.168.56.101:5555, platform=LINUX, deviceUDID=192.168.56.101:5555, desired={app=/Users/gaya/Documents/App/oil.apk, appActivity=com.boyuda.youguanjia.activity.MainActivity, noReset=true, platformVersion=7.0, automationName=Appium, unicodeKeyboard=true, platformName=Android, appPackge=com.boyuda.youguanjia, deviceName=192.168.56.101:5555, resetKeyboard=true}, platformVersion=7.0, webStorageEnabled=false, automationName=Appium, takesScreenshot=true, javascriptEnabled=true, unicodeKeyboard=true, platformName=Android, deviceManufacturer=Genymotion, resetKeyboard=true, app=/Users/gaya/Documents/App/oil.apk, deviceScreenSize=768x1280, networkConnectionEnabled=true, warnings={}, appWaitPackage=com.boyuda.youguanjia, appWaitActivity=com.boyuda.youguanjia.activity.MainActivity, databaseEnabled=false, appActivity=com.boyuda.youguanjia.activity.MainActivity, locationContextEnabled=false, deviceModel=Custom Phone - 7.0.0 - API 24 - 768x1280}]
Session ID: 7d4e9b9a-e966-43f4-9923-8a7e9e9511c6
*** Element info: {Using=id, value=com.boyuda.youguanjia:id/place_pop_edit_oil_num}">
      <![CDATA[org.openqa.selenium.NoSuchElementException: An element could not be located on the page using the given search parameters. (WARNING: The server did not provide any stacktrace information)
Command duration or timeout: 61.26 seconds
For documentation on this error, please visit: http://seleniumhq.org/exceptions/no_such_element.html
Build info: version: 'unknown', revision: 'unknown', time: 'unknown'
System info: host: 'gayatekiMacBook-Air.local', ip: 'fe80:0:0:0:1cf7:df5c:3fcf:c060%en0', os.name: 'Mac OS X', os.arch: 'x86_64', os.version: '10.12.6', java.version: '1.8.0_131'
Driver info: io.appium.java_client.android.AndroidDriver
Capabilities [{appPackage=com.boyuda.youguanjia, noReset=true, appPackge=com.boyuda.youguanjia, deviceName=192.168.56.101:5555, platform=LINUX, deviceUDID=192.168.56.101:5555, desired={app=/Users/gaya/Documents/App/oil.apk, appActivity=com.boyuda.youguanjia.activity.MainActivity, noReset=true, platformVersion=7.0, automationName=Appium, unicodeKeyboard=true, platformName=Android, appPackge=com.boyuda.youguanjia, deviceName=192.168.56.101:5555, resetKeyboard=true}, platformVersion=7.0, webStorageEnabled=false, automationName=Appium, takesScreenshot=true, javascriptEnabled=true, unicodeKeyboard=true, platformName=Android, deviceManufacturer=Genymotion, resetKeyboard=true, app=/Users/gaya/Documents/App/oil.apk, deviceScreenSize=768x1280, networkConnectionEnabled=true, warnings={}, appWaitPackage=com.boyuda.youguanjia, appWaitActivity=com.boyuda.youguanjia.activity.MainActivity, databaseEnabled=false, appActivity=com.boyuda.youguanjia.activity.MainActivity, locationContextEnabled=false, deviceModel=Custom Phone - 7.0.0 - API 24 - 768x1280}]
Session ID: 7d4e9b9a-e966-43f4-9923-8a7e9e9511c6
*** Element info: {Using=id, value=com.boyuda.youguanjia:id/place_pop_edit_oil_num}
	at sun.reflect.NativeConstructorAccessorImpl.newInstance0(Native Method)
	at sun.reflect.NativeConstructorAccessorImpl.newInstance(NativeConstructorAccessorImpl.java:62)
	at sun.reflect.DelegatingConstructorAccessorImpl.newInstance(DelegatingConstructorAccessorImpl.java:45)
	at java.lang.reflect.Constructor.newInstance(Constructor.java:423)
	at org.openqa.selenium.remote.ErrorHandler.createThrowable(ErrorHandler.java:215)
	at org.openqa.selenium.remote.ErrorHandler.throwIfResponseFailed(ErrorHandler.java:167)
	at org.openqa.selenium.remote.RemoteWebDriver.execute(RemoteWebDriver.java:671)
	at io.appium.java_client.DefaultGenericMobileDriver.execute(DefaultGenericMobileDriver.java:42)
	at io.appium.java_client.AppiumDriver.execute(AppiumDriver.java:1)
	at io.appium.java_client.android.AndroidDriver.execute(AndroidDriver.java:1)
	at org.openqa.selenium.remote.RemoteWebDriver.findElement(RemoteWebDriver.java:410)
	at io.appium.java_client.DefaultGenericMobileDriver.findElement(DefaultGenericMobileDriver.java:62)
	at io.appium.java_client.AppiumDriver.findElement(AppiumDriver.java:1)
	at io.appium.java_client.android.AndroidDriver.findElement(AndroidDriver.java:1)
	at org.openqa.selenium.remote.RemoteWebDriver.findElementById(RemoteWebDriver.java:453)
	at io.appium.java_client.DefaultGenericMobileDriver.findElementById(DefaultGenericMobileDriver.java:70)
	at io.appium.java_client.AppiumDriver.findElementById(AppiumDriver.java:1)
	at io.appium.java_client.android.AndroidDriver.findElementById(AndroidDriver.java:1)
	at org.openqa.selenium.By$ById.findElement(By.java:218)
	at org.openqa.selenium.remote.RemoteWebDriver.findElement(RemoteWebDriver.java:402)
	at io.appium.java_client.DefaultGenericMobileDriver.findElement(DefaultGenericMobileDriver.java:58)
	at io.appium.java_client.AppiumDriver.findElement(AppiumDriver.java:1)
	at io.appium.java_client.android.AndroidDriver.findElement(AndroidDriver.java:1)
	at test.Oil.singleOilBuy(Oil.java:72)
	at sun.reflect.NativeMethodAccessorImpl.invoke0(Native Method)
	at sun.reflect.NativeMethodAccessorImpl.invoke(NativeMethodAccessorImpl.java:62)
	at sun.reflect.DelegatingMethodAccessorImpl.invoke(DelegatingMethodAccessorImpl.java:43)
	at java.lang.reflect.Method.invoke(Method.java:498)
	at org.testng.internal.MethodInvocationHelper.invokeMethod(MethodInvocationHelper.java:108)
	at org.testng.internal.Invoker.invokeMethod(Invoker.java:661)
	at org.testng.internal.Invoker.invokeTestMethod(Invoker.java:869)
	at org.testng.internal.Invoker.invokeTestMethods(Invoker.java:1193)
	at org.testng.internal.TestMethodWorker.invokeTestMethods(TestMethodWorker.java:126)
	at org.testng.internal.TestMethodWorker.run(TestMethodWorker.java:109)
	at org.testng.TestRunner.privateRun(TestRunner.java:744)
	at org.testng.TestRunner.run(TestRunner.java:602)
	at org.testng.SuiteRunner.runTest(SuiteRunner.java:380)
	at org.testng.SuiteRunner.runSequentially(SuiteRunner.java:375)
	at org.testng.SuiteRunner.privateRun(SuiteRunner.java:340)
	at org.testng.SuiteRunner.run(SuiteRunner.java:289)
	at org.testng.SuiteRunnerWorker.runSuite(SuiteRunnerWorker.java:52)
	at org.testng.SuiteRunnerWorker.run(SuiteRunnerWorker.java:86)
	at org.testng.TestNG.runSuitesSequentially(TestNG.java:1301)
	at org.testng.TestNG.runSuitesLocally(TestNG.java:1226)
	at org.testng.TestNG.runSuites(TestNG.java:1144)
	at org.testng.TestNG.run(TestNG.java:1115)
	at org.testng.remote.AbstractRemoteTestNG.run(AbstractRemoteTestNG.java:132)
	at org.testng.remote.RemoteTestNG.initAndRun(RemoteTestNG.java:230)
	at org.testng.remote.RemoteTestNG.main(RemoteTestNG.java:76)
]]>
    </failure>
  </testcase> <!-- singleOilBuy -->
</testsuite> <!-- Default test -->
