<?xml version="1.0" encoding="UTF-8"?>
<!-- Generated by org.testng.reporters.JUnitXMLReporter -->
<testsuite hostname="gayatekiMacBook-Air.local" ignored="0" name="Test" tests="3" failures="1" timestamp="20 十一月 2017 13:54:56 GMT" time="128.055" errors="0">
  <testcase name="start" time="4.682" classname="test.Oil"/>
  <testcase name="login" time="16.651" classname="test.Oil"/>
  <testcase name="singleOilBuy" time="90.928" classname="test.Oil">
    <failure type="org.openqa.selenium.NoSuchElementException" message="An element could not be located on the page using the given search parameters. (WARNING: The server did not provide any stacktrace information)
Command duration or timeout: 84.11 seconds
For documentation on this error, please visit: http://seleniumhq.org/exceptions/no_such_element.html
Build info: version: &amp;apos;unknown&amp;apos;, revision: &amp;apos;unknown&amp;apos;, time: &amp;apos;unknown&amp;apos;
System info: host: &amp;apos;gayatekiMacBook-Air.local&amp;apos;, ip: &amp;apos;fe80:0:0:0:1cf7:df5c:3fcf:c060%en0&amp;apos;, os.name: &amp;apos;Mac OS X&amp;apos;, os.arch: &amp;apos;x86_64&amp;apos;, os.version: &amp;apos;10.12.6&amp;apos;, java.version: &amp;apos;1.8.0_131&amp;apos;
Driver info: io.appium.java_client.android.AndroidDriver
Capabilities [{appPackage=com.boyuda.youguanjia, noReset=true, appPackge=com.boyuda.youguanjia, deviceName=192.168.56.101:5555, platform=LINUX, deviceUDID=192.168.56.101:5555, desired={app=/Users/gaya/Documents/App/oil.apk, appActivity=com.boyuda.youguanjia.activity.MainActivity, noReset=true, platformVersion=7.0, automationName=Appium, unicodeKeyboard=true, platformName=Android, appPackge=com.boyuda.youguanjia, deviceName=192.168.56.101:5555, resetKeyboard=true}, platformVersion=7.0, webStorageEnabled=false, automationName=Appium, takesScreenshot=true, javascriptEnabled=true, unicodeKeyboard=true, platformName=Android, deviceManufacturer=Genymotion, resetKeyboard=true, app=/Users/gaya/Documents/App/oil.apk, deviceScreenSize=768x1280, networkConnectionEnabled=true, warnings={}, appWaitPackage=com.boyuda.youguanjia, appWaitActivity=com.boyuda.youguanjia.activity.MainActivity, databaseEnabled=false, appActivity=com.boyuda.youguanjia.activity.MainActivity, locationContextEnabled=false, deviceModel=Custom Phone - 7.0.0 - API 24 - 768x1280}]
Session ID: 52b57fd4-e1f7-4f8d-b285-70a4e5a6369e
*** Element info: {Using=id, value=com.boyuda.youguanjia:id/homePage_btn}">
      <![CDATA[org.openqa.selenium.NoSuchElementException: An element could not be located on the page using the given search parameters. (WARNING: The server did not provide any stacktrace information)
Command duration or timeout: 84.11 seconds
For documentation on this error, please visit: http://seleniumhq.org/exceptions/no_such_element.html
Build info: version: 'unknown', revision: 'unknown', time: 'unknown'
System info: host: 'gayatekiMacBook-Air.local', ip: 'fe80:0:0:0:1cf7:df5c:3fcf:c060%en0', os.name: 'Mac OS X', os.arch: 'x86_64', os.version: '10.12.6', java.version: '1.8.0_131'
Driver info: io.appium.java_client.android.AndroidDriver
Capabilities [{appPackage=com.boyuda.youguanjia, noReset=true, appPackge=com.boyuda.youguanjia, deviceName=192.168.56.101:5555, platform=LINUX, deviceUDID=192.168.56.101:5555, desired={app=/Users/gaya/Documents/App/oil.apk, appActivity=com.boyuda.youguanjia.activity.MainActivity, noReset=true, platformVersion=7.0, automationName=Appium, unicodeKeyboard=true, platformName=Android, appPackge=com.boyuda.youguanjia, deviceName=192.168.56.101:5555, resetKeyboard=true}, platformVersion=7.0, webStorageEnabled=false, automationName=Appium, takesScreenshot=true, javascriptEnabled=true, unicodeKeyboard=true, platformName=Android, deviceManufacturer=Genymotion, resetKeyboard=true, app=/Users/gaya/Documents/App/oil.apk, deviceScreenSize=768x1280, networkConnectionEnabled=true, warnings={}, appWaitPackage=com.boyuda.youguanjia, appWaitActivity=com.boyuda.youguanjia.activity.MainActivity, databaseEnabled=false, appActivity=com.boyuda.youguanjia.activity.MainActivity, locationContextEnabled=false, deviceModel=Custom Phone - 7.0.0 - API 24 - 768x1280}]
Session ID: 52b57fd4-e1f7-4f8d-b285-70a4e5a6369e
*** Element info: {Using=id, value=com.boyuda.youguanjia:id/homePage_btn}
	at org.openqa.selenium.remote.ErrorHandler.createThrowable(ErrorHandler.java:215)
	at org.openqa.selenium.remote.ErrorHandler.throwIfResponseFailed(ErrorHandler.java:167)
	at org.openqa.selenium.remote.RemoteWebDriver.execute(RemoteWebDriver.java:671)
	at io.appium.java_client.DefaultGenericMobileDriver.execute(DefaultGenericMobileDriver.java:42)
	at io.appium.java_client.AppiumDriver.execute(AppiumDriver.java:1)
	at io.appium.java_client.android.AndroidDriver.execute(AndroidDriver.java:1)
	at org.openqa.selenium.remote.RemoteWebDriver.findElement(RemoteWebDriver.java:410)
	at io.appium.java_client.DefaultGenericMobileDriver.findElement(DefaultGenericMobileDriver.java:62)
	at io.appium.java_client.AppiumDriver.findElement(AppiumDriver.java:1)
	at io.appium.java_client.android.AndroidDriver.findElement(AndroidDriver.java:1)
	at org.openqa.selenium.remote.RemoteWebDriver.findElementById(RemoteWebDriver.java:453)
	at io.appium.java_client.DefaultGenericMobileDriver.findElementById(DefaultGenericMobileDriver.java:70)
	at io.appium.java_client.AppiumDriver.findElementById(AppiumDriver.java:1)
	at io.appium.java_client.android.AndroidDriver.findElementById(AndroidDriver.java:1)
	at org.openqa.selenium.By$ById.findElement(By.java:218)
	at org.openqa.selenium.remote.RemoteWebDriver.findElement(RemoteWebDriver.java:402)
	at io.appium.java_client.DefaultGenericMobileDriver.findElement(DefaultGenericMobileDriver.java:58)
	at io.appium.java_client.AppiumDriver.findElement(AppiumDriver.java:1)
	at io.appium.java_client.android.AndroidDriver.findElement(AndroidDriver.java:1)
	at test.Oil.singleOilBuy(Oil.java:64)
... Removed 29 stack frames]]>
    </failure>
  </testcase> <!-- singleOilBuy -->
</testsuite> <!-- Test -->
